<?xml version="1.0" encoding="UTF-8"?>
<!-- Generated by org.testng.reporters.JUnitReportReporter -->
<testsuite hostname="adminoms1-PC" name="com.jackfruit.scripts.ReportIssueTest" tests="1" failures="0" timestamp="16 May 2018 12:20:01 GMT" time="83.820" errors="0">
  <testcase name="mantisRepotIssue" time="83.820" classname="com.jackfruit.scripts.ReportIssueTest"/>
</testsuite> <!-- com.jackfruit.scripts.ReportIssueTest -->
